Flow report for XOR
Tue Dec 06 09:20:20 2016
Quartus II 64-Bit Version 13.0.1 Build 232 06/12/2013 Service Pack 1 SJ Web Edition


---------------------
; Table of Contents ;
---------------------
  1. Legal Notice
  2. Flow Summary
  3. Flow Settings
  4. Flow Non-Default Global Settings
  5. Flow Elapsed Time
  6. Flow OS Summary
  7. Flow Log
  8. Flow Messages
  9. Flow Suppressed Messages



----------------
; Legal Notice ;
----------------
Copyright (C) 1991-2013 Altera Corporation
Your use of Altera Corporation's design tools, logic functions 
and other software and tools, and its AMPP partner logic 
functions, and any output files from any of the foregoing 
(including device programming or simulation files), and any 
associated documentation or information are expressly subject 
to the terms and conditions of the Altera Program License 
Subscription Agreement, Altera MegaCore Function License 
Agreement, or other applicable license agreement, including, 
without limitation, that your use is for the sole purpose of 
programming logic devices manufactured by Altera and sold by 
Altera or its authorized distributors.  Please refer to the 
applicable agreement for further details.



+--------------------------------------------------------------------------------------+
; Flow Summary                                                                         ;
+------------------------------------+-------------------------------------------------+
; Flow Status                        ; Successful - Tue Dec 06 09:20:20 2016           ;
; Quartus II 64-Bit Version          ; 13.0.1 Build 232 06/12/2013 SP 1 SJ Web Edition ;
; Revision Name                      ; XOR                                             ;
; Top-level Entity Name              ; ChipInterface                                   ;
; Family                             ; Cyclone IV GX                                   ;
; Total logic elements               ; 0 / 21,280 ( 0 % )                              ;
;     Total combinational functions  ; 0 / 21,280 ( 0 % )                              ;
;     Dedicated logic registers      ; 0 / 21,280 ( 0 % )                              ;
; Total registers                    ; 0                                               ;
; Total pins                         ; 106 / 167 ( 63 % )                              ;
; Total virtual pins                 ; 0                                               ;
; Total memory bits                  ; 0 / 774,144 ( 0 % )                             ;
; Embedded Multiplier 9-bit elements ; 0 / 80 ( 0 % )                                  ;
; Total GXB Receiver Channel PCS     ; 0 / 4 ( 0 % )                                   ;
; Total GXB Receiver Channel PMA     ; 0 / 4 ( 0 % )                                   ;
; Total GXB Transmitter Channel PCS  ; 0 / 4 ( 0 % )                                   ;
; Total GXB Transmitter Channel PMA  ; 0 / 4 ( 0 % )                                   ;
; Total PLLs                         ; 0 / 4 ( 0 % )                                   ;
; Device                             ; EP4CGX22CF19C6                                  ;
; Timing Models                      ; Final                                           ;
+------------------------------------+-------------------------------------------------+


+-----------------------------------------+
; Flow Settings                           ;
+-------------------+---------------------+
; Option            ; Setting             ;
+-------------------+---------------------+
; Start date & time ; 12/06/2016 09:19:20 ;
; Main task         ; Compilation         ;
; Revision Name     ; XOR                 ;
+-------------------+---------------------+


+------------------------------------------------------------------------------------------------------------------------+
; Flow Non-Default Global Settings                                                                                       ;
+--------------------------------------+--------------------------------+---------------+---------------+----------------+
; Assignment Name                      ; Value                          ; Default Value ; Entity Name   ; Section Id     ;
+--------------------------------------+--------------------------------+---------------+---------------+----------------+
; COMPILER_SIGNATURE_ID                ; 10995770589184.148103395909356 ; --            ; --            ; --             ;
; EDA_DESIGN_INSTANCE_NAME             ; nh                             ; --            ; --            ; ChipInterface  ;
; EDA_NATIVELINK_SIMULATION_TEST_BENCH ; ChipInterface                  ; --            ; --            ; eda_simulation ;
; EDA_OUTPUT_DATA_FORMAT               ; Verilog Hdl                    ; --            ; --            ; eda_simulation ;
; EDA_RUN_TOOL_AUTOMATICALLY           ; On                             ; --            ; --            ; eda_simulation ;
; EDA_SIMULATION_TOOL                  ; ModelSim (Verilog)             ; <None>        ; --            ; --             ;
; EDA_TEST_BENCH_ENABLE_STATUS         ; TEST_BENCH_MODE                ; --            ; --            ; eda_simulation ;
; EDA_TEST_BENCH_FILE                  ; ChipInterface.sv               ; --            ; --            ; ChipInterface  ;
; EDA_TEST_BENCH_FILE                  ; multiplier_32.v                ; --            ; --            ; ChipInterface  ;
; EDA_TEST_BENCH_FILE                  ; multiplier_16.v                ; --            ; --            ; ChipInterface  ;
; EDA_TEST_BENCH_FILE                  ; fixed_point_multiplier.sv      ; --            ; --            ; ChipInterface  ;
; EDA_TEST_BENCH_FILE                  ; sigmoid.sv                     ; --            ; --            ; ChipInterface  ;
; EDA_TEST_BENCH_FILE                  ; adder4_32.v                    ; --            ; --            ; ChipInterface  ;
; EDA_TEST_BENCH_FILE                  ; FP_MUL.v                       ; --            ; --            ; ChipInterface  ;
; EDA_TEST_BENCH_FILE                  ; FP_MUL.qip                     ; --            ; --            ; ChipInterface  ;
; EDA_TEST_BENCH_FILE                  ; FP_MUL.inc                     ; --            ; --            ; ChipInterface  ;
; EDA_TEST_BENCH_FILE                  ; FP_MUL.cmp                     ; --            ; --            ; ChipInterface  ;
; EDA_TEST_BENCH_FILE                  ; FP_MUL_bb.v                    ; --            ; --            ; ChipInterface  ;
; EDA_TEST_BENCH_FILE                  ; mu.v                           ; --            ; --            ; ChipInterface  ;
; EDA_TEST_BENCH_FILE                  ; FP_Mu.v                        ; --            ; --            ; ChipInterface  ;
; EDA_TEST_BENCH_FILE                  ; multiplier/test_bench_tb.v     ; --            ; --            ; ChipInterface  ;
; EDA_TEST_BENCH_FILE                  ; multiplier/file_reader_a.v     ; --            ; --            ; ChipInterface  ;
; EDA_TEST_BENCH_FILE                  ; multiplier/file_reader_b.v     ; --            ; --            ; ChipInterface  ;
; EDA_TEST_BENCH_FILE                  ; multiplier/file_writer.v       ; --            ; --            ; ChipInterface  ;
; EDA_TEST_BENCH_FILE                  ; multiplier/multiplier.v        ; --            ; --            ; ChipInterface  ;
; EDA_TEST_BENCH_FILE                  ; multiplier/test_bench.v        ; --            ; --            ; ChipInterface  ;
; EDA_TEST_BENCH_FILE                  ; int_to_float.v                 ; --            ; --            ; ChipInterface  ;
; EDA_TEST_BENCH_FILE                  ; CONVERT.v                      ; --            ; --            ; ChipInterface  ;
; EDA_TEST_BENCH_MODULE_NAME           ; ToppTest                       ; --            ; --            ; ChipInterface  ;
; EDA_TEST_BENCH_NAME                  ; ChipInterface                  ; --            ; --            ; eda_simulation ;
; EDA_TIME_SCALE                       ; 1 ps                           ; --            ; --            ; eda_simulation ;
; IP_TOOL_NAME                         ; ALTFP_MULT                     ; --            ; --            ; --             ;
; IP_TOOL_NAME                         ; ALTFP_CONVERT                  ; --            ; --            ; --             ;
; IP_TOOL_VERSION                      ; 13.0                           ; --            ; --            ; --             ;
; IP_TOOL_VERSION                      ; 13.0                           ; --            ; --            ; --             ;
; MISC_FILE                            ; CONVERT.bsf                    ; --            ; --            ; --             ;
; MISC_FILE                            ; CONVERT_inst.v                 ; --            ; --            ; --             ;
; MISC_FILE                            ; CONVERT_bb.v                   ; --            ; --            ; --             ;
; MISC_FILE                            ; CONVERT.inc                    ; --            ; --            ; --             ;
; MISC_FILE                            ; CONVERT.cmp                    ; --            ; --            ; --             ;
; PARTITION_COLOR                      ; 16764057                       ; --            ; ChipInterface ; Top            ;
; PARTITION_FITTER_PRESERVATION_LEVEL  ; PLACEMENT_AND_ROUTING          ; --            ; ChipInterface ; Top            ;
; PARTITION_NETLIST_TYPE               ; SOURCE                         ; --            ; ChipInterface ; Top            ;
; PROJECT_OUTPUT_DIRECTORY             ; output_files                   ; --            ; --            ; --             ;
; TOP_LEVEL_ENTITY                     ; ChipInterface                  ; XOR           ; --            ; --             ;
+--------------------------------------+--------------------------------+---------------+---------------+----------------+


+-------------------------------------------------------------------------------------------------------------------------------+
; Flow Elapsed Time                                                                                                             ;
+---------------------------+--------------+-------------------------+---------------------+------------------------------------+
; Module Name               ; Elapsed Time ; Average Processors Used ; Peak Virtual Memory ; Total CPU Time (on all processors) ;
+---------------------------+--------------+-------------------------+---------------------+------------------------------------+
; Analysis & Synthesis      ; 00:00:10     ; 1.0                     ; 570 MB              ; 00:00:06                           ;
; Fitter                    ; 00:00:19     ; 1.0                     ; 902 MB              ; 00:00:13                           ;
; Assembler                 ; 00:00:03     ; 1.0                     ; 494 MB              ; 00:00:03                           ;
; TimeQuest Timing Analyzer ; 00:00:06     ; 1.0                     ; 510 MB              ; 00:00:04                           ;
; EDA Netlist Writer        ; 00:00:02     ; 1.0                     ; 467 MB              ; 00:00:01                           ;
; Total                     ; 00:00:40     ; --                      ; --                  ; 00:00:27                           ;
+---------------------------+--------------+-------------------------+---------------------+------------------------------------+


+----------------------------------------------------------------------------------------+
; Flow OS Summary                                                                        ;
+---------------------------+------------------+-----------+------------+----------------+
; Module Name               ; Machine Hostname ; OS Name   ; OS Version ; Processor type ;
+---------------------------+------------------+-----------+------------+----------------+
; Analysis & Synthesis      ; ultra-jack-PC    ; Windows 7 ; 6.2        ; x86_64         ;
; Fitter                    ; ultra-jack-PC    ; Windows 7 ; 6.2        ; x86_64         ;
; Assembler                 ; ultra-jack-PC    ; Windows 7 ; 6.2        ; x86_64         ;
; TimeQuest Timing Analyzer ; ultra-jack-PC    ; Windows 7 ; 6.2        ; x86_64         ;
; EDA Netlist Writer        ; ultra-jack-PC    ; Windows 7 ; 6.2        ; x86_64         ;
+---------------------------+------------------+-----------+------------+----------------+


------------
; Flow Log ;
------------
quartus_map --read_settings_files=on --write_settings_files=off XOR -c XOR
quartus_fit --read_settings_files=off --write_settings_files=off XOR -c XOR
quartus_asm --read_settings_files=off --write_settings_files=off XOR -c XOR
quartus_sta XOR -c XOR
quartus_eda --read_settings_files=off --write_settings_files=off XOR -c XOR



